<?xml version="1.0" encoding="UTF-8"?>
<!-- Generated by org.testng.reporters.JUnitXMLReporter -->
<testsuite hostname="AniktaDey" name="Test" tests="2" failures="2" timestamp="23 May 2019 10:36:41 GMT" time="42.942" errors="0">
  <testcase name="newcarsmenuclick" time="5.631" classname="tests.newcars">
    <failure type="java.lang.AssertionError" message="expected [false] but found [true]">
      <![CDATA[java.lang.AssertionError: expected [false] but found [true]
	at tests.newcars.newcarsmenuclick(newcars.java:91)
... Removed 28 stack frames]]>
    </failure>
  </testcase> <!-- newcarsmenuclick -->
  <testcase name="aboutusmenuclick" time="5.144" classname="tests.aboutus">
    <failure type="java.lang.AssertionError" message="expected [false] but found [true]">
      <![CDATA[java.lang.AssertionError: expected [false] but found [true]
	at tests.aboutus.aboutusmenuclick(aboutus.java:82)
... Removed 28 stack frames]]>
    </failure>
  </testcase> <!-- aboutusmenuclick -->
</testsuite> <!-- Test -->
