<?xml version="1.0" encoding="UTF-8"?>
<!-- Generated by org.testng.reporters.JUnitXMLReporter -->
<testsuite hostname="AniktaDey" name="Test" tests="10" failures="0" timestamp="27 May 2019 12:00:05 GMT" time="275.245" errors="0">
  <testcase name="validateTitleHomePage" time="2.434" classname="tests.HomePage"/>
  <testcase name="validateNavigation" time="0.126" classname="tests.HomePage"/>
  <testcase name="validateFooterLinks" time="21.606" classname="tests.HomePage"/>
  <testcase name="getSearchData" time="35.52" classname="tests.SearchResults"/>
  <testcase name="FillDropdown" time="52.387" classname="tests.BuyCertifiedCars"/>
  <testcase name="validateTotRowCount" time="2.184" classname="tests.BuyCertifiedCars"/>
  <testcase name="buyCarClick" time="12.059" classname="tests.BuyCertifiedCars"/>
  <testcase name="SortBy" time="1.631" classname="tests.BuyCertifiedCars"/>
  <testcase name="contactDetail" time="102.713" classname="tests.ContactDetail3"/>
  <testcase name="getDetailsValuation" time="8.523" classname="tests.CarValuation"/>
</testsuite> <!-- Test -->
