<?xml version="1.0" encoding="UTF-8"?>
<testng-results skipped="0" failed="0" total="10" passed="10">
  <reporter-output>
  </reporter-output>
  <suite name="Suite" duration-ms="275245" started-at="2019-05-27T11:55:30Z" finished-at="2019-05-27T12:00:05Z">
    <groups>
    </groups>
    <test name="Test" duration-ms="275245" started-at="2019-05-27T11:55:30Z" finished-at="2019-05-27T12:00:05Z">
      <class name="tests.SearchResults">
        <test-method status="PASS" signature="invokeDriver()[pri:0, instance:tests.SearchResults@4439f31e]" name="invokeDriver" is-config="true" duration-ms="6722" started-at="2019-05-27T17:26:03Z" finished-at="2019-05-27T17:26:10Z">
          <reporter-output>
          </reporter-output>
        </test-method> <!-- invokeDriver -->
        <test-method status="PASS" signature="getSearchData(java.lang.String, java.lang.String, java.lang.String)[pri:0, instance:tests.SearchResults@4439f31e]" name="getSearchData" duration-ms="35520" started-at="2019-05-27T17:26:10Z" data-provider="getDataForSearch" finished-at="2019-05-27T17:26:46Z">
          <params>
            <param index="0">
              <value>
                <![CDATA[New Delhi]]>
              </value>
            </param>
            <param index="1">
              <value>
                <![CDATA[Hyundai]]>
              </value>
            </param>
            <param index="2">
              <value>
                <![CDATA[Xcent]]>
              </value>
            </param>
          </params>
          <reporter-output>
          </reporter-output>
        </test-method> <!-- getSearchData -->
        <test-method status="PASS" signature="closeDriver()[pri:0, instance:tests.SearchResults@4439f31e]" name="closeDriver" is-config="true" duration-ms="171" started-at="2019-05-27T17:26:46Z" finished-at="2019-05-27T17:26:46Z">
          <reporter-output>
          </reporter-output>
        </test-method> <!-- closeDriver -->
      </class> <!-- tests.SearchResults -->
      <class name="tests.CarValuation">
        <test-method status="PASS" signature="invokeDriver()[pri:0, instance:tests.CarValuation@1810399e]" name="invokeDriver" is-config="true" duration-ms="6555" started-at="2019-05-27T17:29:50Z" finished-at="2019-05-27T17:29:56Z">
          <reporter-output>
          </reporter-output>
        </test-method> <!-- invokeDriver -->
        <test-method status="PASS" signature="getDetailsValuation()[pri:0, instance:tests.CarValuation@1810399e]" name="getDetailsValuation" duration-ms="8523" started-at="2019-05-27T17:29:56Z" finished-at="2019-05-27T17:30:05Z">
          <reporter-output>
          </reporter-output>
        </test-method> <!-- getDetailsValuation -->
        <test-method status="PASS" signature="closeDriver()[pri:0, instance:tests.CarValuation@1810399e]" name="closeDriver" is-config="true" duration-ms="112" started-at="2019-05-27T17:30:05Z" finished-at="2019-05-27T17:30:05Z">
          <reporter-output>
          </reporter-output>
        </test-method> <!-- closeDriver -->
      </class> <!-- tests.CarValuation -->
      <class name="tests.ContactDetail3">
        <test-method status="PASS" signature="invokeDriver()[pri:0, instance:tests.ContactDetail3@5f375618]" name="invokeDriver" is-config="true" duration-ms="6245" started-at="2019-05-27T17:28:01Z" finished-at="2019-05-27T17:28:07Z">
          <reporter-output>
          </reporter-output>
        </test-method> <!-- invokeDriver -->
        <test-method status="PASS" signature="contactDetail()[pri:0, instance:tests.ContactDetail3@5f375618]" name="contactDetail" duration-ms="102713" started-at="2019-05-27T17:28:07Z" finished-at="2019-05-27T17:29:50Z">
          <reporter-output>
          </reporter-output>
        </test-method> <!-- contactDetail -->
        <test-method status="PASS" signature="closeDriver()[pri:0, instance:tests.ContactDetail3@5f375618]" name="closeDriver" is-config="true" duration-ms="123" started-at="2019-05-27T17:29:50Z" finished-at="2019-05-27T17:29:50Z">
          <reporter-output>
          </reporter-output>
        </test-method> <!-- closeDriver -->
      </class> <!-- tests.ContactDetail3 -->
      <class name="tests.HomePage">
        <test-method status="PASS" signature="invokeDriver()[pri:0, instance:tests.HomePage@215be6bb]" name="invokeDriver" is-config="true" duration-ms="8560" started-at="2019-05-27T17:25:30Z" finished-at="2019-05-27T17:25:38Z">
          <reporter-output>
          </reporter-output>
        </test-method> <!-- invokeDriver -->
        <test-method status="PASS" signature="validateTitleHomePage()[pri:0, instance:tests.HomePage@215be6bb]" name="validateTitleHomePage" duration-ms="2434" started-at="2019-05-27T17:25:38Z" finished-at="2019-05-27T17:25:41Z">
          <reporter-output>
          </reporter-output>
        </test-method> <!-- validateTitleHomePage -->
        <test-method status="PASS" signature="validateNavigation()[pri:0, instance:tests.HomePage@215be6bb]" name="validateNavigation" duration-ms="126" started-at="2019-05-27T17:25:41Z" finished-at="2019-05-27T17:25:41Z">
          <reporter-output>
          </reporter-output>
        </test-method> <!-- validateNavigation -->
        <test-method status="PASS" signature="validateFooterLinks()[pri:0, instance:tests.HomePage@215be6bb]" name="validateFooterLinks" duration-ms="21606" started-at="2019-05-27T17:25:41Z" finished-at="2019-05-27T17:26:03Z">
          <reporter-output>
          </reporter-output>
        </test-method> <!-- validateFooterLinks -->
        <test-method status="PASS" signature="closeDriver()[pri:0, instance:tests.HomePage@215be6bb]" name="closeDriver" is-config="true" duration-ms="752" started-at="2019-05-27T17:26:03Z" finished-at="2019-05-27T17:26:03Z">
          <reporter-output>
          </reporter-output>
        </test-method> <!-- closeDriver -->
      </class> <!-- tests.HomePage -->
      <class name="tests.BuyCertifiedCars">
        <test-method status="PASS" signature="invokeDriver()[pri:0, instance:tests.BuyCertifiedCars@7921b0a2]" name="invokeDriver" is-config="true" duration-ms="6634" started-at="2019-05-27T17:26:46Z" finished-at="2019-05-27T17:26:52Z">
          <reporter-output>
          </reporter-output>
        </test-method> <!-- invokeDriver -->
        <test-method status="PASS" signature="FillDropdown()[pri:0, instance:tests.BuyCertifiedCars@7921b0a2]" name="FillDropdown" duration-ms="52387" started-at="2019-05-27T17:26:52Z" finished-at="2019-05-27T17:27:45Z">
          <reporter-output>
          </reporter-output>
        </test-method> <!-- FillDropdown -->
        <test-method status="PASS" signature="validateTotRowCount()[pri:0, instance:tests.BuyCertifiedCars@7921b0a2]" name="validateTotRowCount" duration-ms="2184" started-at="2019-05-27T17:27:45Z" finished-at="2019-05-27T17:27:47Z">
          <reporter-output>
          </reporter-output>
        </test-method> <!-- validateTotRowCount -->
        <test-method status="PASS" signature="buyCarClick()[pri:0, instance:tests.BuyCertifiedCars@7921b0a2]" name="buyCarClick" duration-ms="12059" started-at="2019-05-27T17:27:47Z" finished-at="2019-05-27T17:27:59Z">
          <reporter-output>
          </reporter-output>
        </test-method> <!-- buyCarClick -->
        <test-method status="PASS" signature="SortBy()[pri:0, instance:tests.BuyCertifiedCars@7921b0a2]" name="SortBy" duration-ms="1631" started-at="2019-05-27T17:27:59Z" finished-at="2019-05-27T17:28:01Z">
          <reporter-output>
          </reporter-output>
        </test-method> <!-- SortBy -->
        <test-method status="PASS" signature="closeDriver()[pri:0, instance:tests.BuyCertifiedCars@7921b0a2]" name="closeDriver" is-config="true" duration-ms="147" started-at="2019-05-27T17:28:01Z" finished-at="2019-05-27T17:28:01Z">
          <reporter-output>
          </reporter-output>
        </test-method> <!-- closeDriver -->
      </class> <!-- tests.BuyCertifiedCars -->
    </test> <!-- Test -->
  </suite> <!-- Suite -->
</testng-results>
