<?xml version="1.0" encoding="UTF-8"?>
<!-- Generated by org.testng.reporters.JUnitXMLReporter -->
<testsuite hostname="AniktaDey" name="Default test" tests="4" failures="0" timestamp="8 May 2019 06:40:04 GMT" time="34.29" errors="0">
  <testcase name="FillDropdown" time="12.934" classname="tests.BuyCertifiedCars"/>
  <testcase name="validateTotRowCount" time="1.606" classname="tests.BuyCertifiedCars"/>
  <testcase name="buyCarClick" time="11.046" classname="tests.BuyCertifiedCars"/>
  <testcase name="SortBy" time="1.542" classname="tests.BuyCertifiedCars"/>
</testsuite> <!-- Default test -->
