<?xml version="1.0" encoding="UTF-8"?>
<!-- Generated by org.testng.reporters.JUnitXMLReporter -->
<testsuite hostname="AniktaDey" name="Default test" tests="7" failures="0" timestamp="4 Jun 2019 09:17:16 GMT" time="193.126" errors="0">
  <testcase name="sellmenuclick" time="24.716" classname="tests.SellCarExcelReading"/>
  <testcase name="sellmenuclick" time="22.892" classname="tests.SellCarExcelReading"/>
  <testcase name="sellmenuclick" time="23.58" classname="tests.SellCarExcelReading"/>
  <testcase name="sellmenuclick" time="23.521" classname="tests.SellCarExcelReading"/>
  <testcase name="sellmenuclick" time="24.797" classname="tests.SellCarExcelReading"/>
  <testcase name="sellmenuclick" time="18.944" classname="tests.SellCarExcelReading"/>
  <testcase name="personaldetailspagevalidate" time="3.573" classname="tests.SellCarExcelReading"/>
</testsuite> <!-- Default test -->
